<?xml version="1.0" encoding="UTF-8"?>
<!-- Generated by org.testng.reporters.JUnitReportReporter -->
<testsuite hostname="CJDellbook" failures="0" tests="4" name="api.test.UserTests" time="2.999" errors="0" timestamp="2024-08-08T22:14:32 EDT" skipped="0">
  <testcase classname="api.test.UserTests" name="testPostUser" time="2.542"/>
  <testcase classname="api.test.UserTests" name="testGetUserByName" time="0.147"/>
  <testcase classname="api.test.UserTests" name="testUpdateUserByName" time="0.187"/>
  <testcase classname="api.test.UserTests" name="testDeleteUserByName" time="0.123"/>
</testsuite> <!-- api.test.UserTests -->
