<?xml version="1.0" encoding="UTF-8"?>
<!-- Generated by org.testng.reporters.JUnitReportReporter -->
<testsuite hostname="CJDellbook" failures="0" tests="1" name="listenerDemo.XmlDemo" time="0.009" errors="0" timestamp="2024-03-09T22:13:08 EST" skipped="0">
  <testcase classname="listenerDemo.XmlDemo" name="displayResult" time="0.009"/>
</testsuite> <!-- listenerDemo.XmlDemo -->
