<?xml version="1.0" encoding="UTF-8"?>
<!-- Generated by org.testng.reporters.JUnitReportReporter -->
<testsuite hostname="CJDellbook" failures="0" tests="2" name="crossBrowsers.VerifyTitle" time="11.665" errors="0" timestamp="2024-08-09T11:23:14 EDT" skipped="0">
  <testcase classname="crossBrowsers.VerifyTitle" name="verifypageTitle" time="3.548"/>
  <testcase classname="crossBrowsers.VerifyTitle" name="verifypageTitle" time="8.117"/>
</testsuite> <!-- crossBrowsers.VerifyTitle -->
