<?xml version="1.0" encoding="UTF-8"?>
<!-- Generated by org.testng.reporters.JUnitReportReporter -->
<testsuite hostname="CJDellbook" failures="0" tests="4" name="api.test.UserTests2" time="3.495" errors="0" timestamp="2024-08-09T11:36:41 EDT" skipped="0">
  <testcase classname="api.test.UserTests2" name="testPostUser" time="3.068"/>
  <testcase classname="api.test.UserTests2" name="testGetUserByName" time="0.129"/>
  <testcase classname="api.test.UserTests2" name="testUpdateUserByName" time="0.215"/>
  <testcase classname="api.test.UserTests2" name="testDeleteUserByName" time="0.083"/>
</testsuite> <!-- api.test.UserTests2 -->
