<?xml version="1.0" encoding="UTF-8"?>
<!-- Generated by org.testng.reporters.JUnitReportReporter -->
<testsuite hostname="CJDellbook" failures="0" tests="6" name="api.test.DDTests" time="2.549" errors="0" timestamp="2024-08-09T10:23:21 EDT" skipped="0">
  <testcase classname="api.test.DDTests" name="testPostuser" time="0.091"/>
  <testcase classname="api.test.DDTests" name="testPostuser" time="2.051"/>
  <testcase classname="api.test.DDTests" name="testPostuser" time="0.103"/>
  <testcase classname="api.test.DDTests" name="testDeleteUserByName" time="0.118"/>
  <testcase classname="api.test.DDTests" name="testDeleteUserByName" time="0.090"/>
  <testcase classname="api.test.DDTests" name="testDeleteUserByName" time="0.096"/>
</testsuite> <!-- api.test.DDTests -->
