<?xml version="1.0" encoding="UTF-8"?>
<!-- Generated by org.testng.reporters.JUnitReportReporter -->
<testsuite hostname="CJDellbook" failures="0" tests="4" name="api.test.UserTests2" time="2.646" errors="0" timestamp="2024-08-09T16:57:43 EDT" skipped="0">
  <testcase classname="api.test.UserTests2" name="testPostUser" time="2.203"/>
  <system-out/>
  <testcase classname="api.test.UserTests2" name="testGetUserByName" time="0.162"/>
  <system-out/>
  <testcase classname="api.test.UserTests2" name="testUpdateUserByName" time="0.171"/>
  <system-out/>
  <testcase classname="api.test.UserTests2" name="testDeleteUserByName" time="0.110"/>
  <system-out/>
</testsuite> <!-- api.test.UserTests2 -->
